0 info it worked if it ends with ok
1 verbose cli [ '/usr/bin/nodejs',
1 verbose cli   '/usr/bin/npm',
1 verbose cli   'install',
1 verbose cli   'express',
1 verbose cli   'jade',
1 verbose cli   'node-uuid',
1 verbose cli   'body-parse',
1 verbose cli   '--save' ]
2 info using npm@1.3.10
3 info using node@v0.10.25
4 warn package.json projectTest@0.0.1 No repository field.
5 warn package.json projectTest@0.0.1 No README data
6 verbose readDependencies using package.json deps
7 verbose cache add [ 'express', null ]
8 verbose cache add name=undefined spec="express" args=["express",null]
9 verbose parsed url { protocol: null,
9 verbose parsed url   slashes: null,
9 verbose parsed url   auth: null,
9 verbose parsed url   host: null,
9 verbose parsed url   port: null,
9 verbose parsed url   hostname: null,
9 verbose parsed url   hash: null,
9 verbose parsed url   search: null,
9 verbose parsed url   query: null,
9 verbose parsed url   pathname: 'express',
9 verbose parsed url   path: 'express',
9 verbose parsed url   href: 'express' }
10 verbose cache add [ 'jade', null ]
11 verbose cache add name=undefined spec="jade" args=["jade",null]
12 verbose parsed url { protocol: null,
12 verbose parsed url   slashes: null,
12 verbose parsed url   auth: null,
12 verbose parsed url   host: null,
12 verbose parsed url   port: null,
12 verbose parsed url   hostname: null,
12 verbose parsed url   hash: null,
12 verbose parsed url   search: null,
12 verbose parsed url   query: null,
12 verbose parsed url   pathname: 'jade',
12 verbose parsed url   path: 'jade',
12 verbose parsed url   href: 'jade' }
13 verbose cache add [ 'node-uuid', null ]
14 verbose cache add name=undefined spec="node-uuid" args=["node-uuid",null]
15 verbose parsed url { protocol: null,
15 verbose parsed url   slashes: null,
15 verbose parsed url   auth: null,
15 verbose parsed url   host: null,
15 verbose parsed url   port: null,
15 verbose parsed url   hostname: null,
15 verbose parsed url   hash: null,
15 verbose parsed url   search: null,
15 verbose parsed url   query: null,
15 verbose parsed url   pathname: 'node-uuid',
15 verbose parsed url   path: 'node-uuid',
15 verbose parsed url   href: 'node-uuid' }
16 verbose cache add [ 'body-parse', null ]
17 verbose cache add name=undefined spec="body-parse" args=["body-parse",null]
18 verbose parsed url { protocol: null,
18 verbose parsed url   slashes: null,
18 verbose parsed url   auth: null,
18 verbose parsed url   host: null,
18 verbose parsed url   port: null,
18 verbose parsed url   hostname: null,
18 verbose parsed url   hash: null,
18 verbose parsed url   search: null,
18 verbose parsed url   query: null,
18 verbose parsed url   pathname: 'body-parse',
18 verbose parsed url   path: 'body-parse',
18 verbose parsed url   href: 'body-parse' }
19 silly lockFile f3c62de4-express express
20 verbose lock express /home/dinartmf/.npm/f3c62de4-express.lock
21 silly lockFile 5bd60fae-jade jade
22 verbose lock jade /home/dinartmf/.npm/5bd60fae-jade.lock
23 silly lockFile b284863e-node-uuid node-uuid
24 verbose lock node-uuid /home/dinartmf/.npm/b284863e-node-uuid.lock
25 silly lockFile 0c0fa7c3-body-parse body-parse
26 verbose lock body-parse /home/dinartmf/.npm/0c0fa7c3-body-parse.lock
27 silly lockFile f3c62de4-express express
28 silly lockFile f3c62de4-express express
29 silly lockFile b284863e-node-uuid node-uuid
30 silly lockFile b284863e-node-uuid node-uuid
31 silly lockFile 0c0fa7c3-body-parse body-parse
32 silly lockFile 0c0fa7c3-body-parse body-parse
33 silly lockFile 5bd60fae-jade jade
34 silly lockFile 5bd60fae-jade jade
35 verbose addNamed [ 'express', '' ]
36 verbose addNamed [ null, '*' ]
37 silly lockFile 64a534c1-express express@
38 verbose lock express@ /home/dinartmf/.npm/64a534c1-express.lock
39 verbose addNamed [ 'node-uuid', '' ]
40 verbose addNamed [ null, '*' ]
41 silly lockFile b4eb10d7-node-uuid node-uuid@
42 verbose lock node-uuid@ /home/dinartmf/.npm/b4eb10d7-node-uuid.lock
43 verbose addNamed [ 'body-parse', '' ]
44 verbose addNamed [ null, '*' ]
45 silly lockFile de7bf0d8-body-parse body-parse@
46 verbose lock body-parse@ /home/dinartmf/.npm/de7bf0d8-body-parse.lock
47 verbose addNamed [ 'jade', '' ]
48 verbose addNamed [ null, '*' ]
49 silly lockFile 51d481b2-jade jade@
50 verbose lock jade@ /home/dinartmf/.npm/51d481b2-jade.lock
51 silly addNameRange { name: 'express', range: '*', hasData: false }
52 silly addNameRange { name: 'node-uuid', range: '*', hasData: false }
53 silly addNameRange { name: 'jade', range: '*', hasData: false }
54 verbose url raw node-uuid
55 verbose url resolving [ 'https://registry.npmjs.org/', './node-uuid' ]
56 verbose url resolved https://registry.npmjs.org/node-uuid
57 info trying registry request attempt 1 at 21:42:28
58 verbose etag "5W39AYUPTS87AI80888R9GRNI"
59 http GET https://registry.npmjs.org/node-uuid
60 verbose registry.get express not expired, no request
61 silly addNameRange number 2 { name: 'express', range: '*', hasData: true }
62 silly addNameRange versions [ 'express',
62 silly addNameRange   [ '0.14.0',
62 silly addNameRange     '0.14.1',
62 silly addNameRange     '1.0.0',
62 silly addNameRange     '1.0.1',
62 silly addNameRange     '1.0.2',
62 silly addNameRange     '1.0.3',
62 silly addNameRange     '1.0.4',
62 silly addNameRange     '1.0.5',
62 silly addNameRange     '1.0.6',
62 silly addNameRange     '1.0.7',
62 silly addNameRange     '1.0.8',
62 silly addNameRange     '2.0.0',
62 silly addNameRange     '2.1.0',
62 silly addNameRange     '2.1.1',
62 silly addNameRange     '2.2.0',
62 silly addNameRange     '2.2.1',
62 silly addNameRange     '2.2.2',
62 silly addNameRange     '2.3.0',
62 silly addNameRange     '2.3.1',
62 silly addNameRange     '2.3.2',
62 silly addNameRange     '2.3.3',
62 silly addNameRange     '2.3.4',
62 silly addNameRange     '2.3.5',
62 silly addNameRange     '2.3.6',
62 silly addNameRange     '2.3.7',
62 silly addNameRange     '2.3.8',
62 silly addNameRange     '2.3.9',
62 silly addNameRange     '2.3.10',
62 silly addNameRange     '2.3.11',
62 silly addNameRange     '2.3.12',
62 silly addNameRange     '2.4.0',
62 silly addNameRange     '2.4.1',
62 silly addNameRange     '2.4.2',
62 silly addNameRange     '2.4.3',
62 silly addNameRange     '2.4.4',
62 silly addNameRange     '2.4.5',
62 silly addNameRange     '2.4.6',
62 silly addNameRange     '2.4.7',
62 silly addNameRange     '2.5.0',
62 silly addNameRange     '2.5.1',
62 silly addNameRange     '2.5.2',
62 silly addNameRange     '2.5.3',
62 silly addNameRange     '2.5.4',
62 silly addNameRange     '2.5.5',
62 silly addNameRange     '2.5.6',
62 silly addNameRange     '2.5.7',
62 silly addNameRange     '2.5.8',
62 silly addNameRange     '2.5.9',
62 silly addNameRange     '2.5.10',
62 silly addNameRange     '2.5.11',
62 silly addNameRange     '3.0.0',
62 silly addNameRange     '3.0.1',
62 silly addNameRange     '3.0.2',
62 silly addNameRange     '3.0.3',
62 silly addNameRange     '3.0.4',
62 silly addNameRange     '3.0.5',
62 silly addNameRange     '3.0.6',
62 silly addNameRange     '3.1.0',
62 silly addNameRange     '3.1.1',
62 silly addNameRange     '3.1.2',
62 silly addNameRange     '3.2.0',
62 silly addNameRange     '3.2.1',
62 silly addNameRange     '3.2.2',
62 silly addNameRange     '3.2.3',
62 silly addNameRange     '3.2.4',
62 silly addNameRange     '3.2.5',
62 silly addNameRange     '3.2.6',
62 silly addNameRange     '3.3.0',
62 silly addNameRange     '3.3.1',
62 silly addNameRange     '3.3.2',
62 silly addNameRange     '3.3.3',
62 silly addNameRange     '3.3.4',
62 silly addNameRange     '3.3.5',
62 silly addNameRange     '3.3.6',
62 silly addNameRange     '1.0.0-beta',
62 silly addNameRange     '1.0.0-beta2',
62 silly addNameRange     '1.0.0-rc',
62 silly addNameRange     '1.0.0-rc2',
62 silly addNameRange     '1.0.0-rc3',
62 silly addNameRange     '1.0.0-rc4',
62 silly addNameRange     '2.0.0-beta',
62 silly addNameRange     '2.0.0-beta2',
62 silly addNameRange     '2.0.0-beta3',
62 silly addNameRange     '2.0.0-rc',
62 silly addNameRange     '2.0.0-rc2',
62 silly addNameRange     '2.0.0-rc3',
62 silly addNameRange     '3.0.0-alpha1',
62 silly addNameRange     '3.0.0-alpha2',
62 silly addNameRange     '3.0.0-alpha3',
62 silly addNameRange     '3.0.0-alpha4',
62 silly addNameRange     '3.0.0-alpha5',
62 silly addNameRange     '3.0.0-beta1',
62 silly addNameRange     '3.0.0-beta2',
62 silly addNameRange     '3.0.0-beta3',
62 silly addNameRange     '3.0.0-beta4',
62 silly addNameRange     '3.0.0-beta6',
62 silly addNameRange     '3.0.0-beta7',
62 silly addNameRange     '3.0.0-rc1',
62 silly addNameRange     '3.0.0-rc2',
62 silly addNameRange     '3.0.0-rc3',
62 silly addNameRange     '3.0.0-rc4',
62 silly addNameRange     '3.0.0-rc5',
62 silly addNameRange     '3.3.7',
62 silly addNameRange     '3.3.8',
62 silly addNameRange     '3.4.0',
62 silly addNameRange     '3.4.1',
62 silly addNameRange     '3.4.2',
62 silly addNameRange     '3.4.3',
62 silly addNameRange     '3.4.4',
62 silly addNameRange     '3.4.5',
62 silly addNameRange     '3.4.6',
62 silly addNameRange     '3.4.7',
62 silly addNameRange     '3.4.8',
62 silly addNameRange     '4.0.0-rc1',
62 silly addNameRange     '4.0.0-rc2',
62 silly addNameRange     '3.5.0',
62 silly addNameRange     '4.0.0-rc3',
62 silly addNameRange     '4.0.0-rc4',
62 silly addNameRange     '3.5.1',
62 silly addNameRange     '4.0.0',
62 silly addNameRange     '3.5.2',
62 silly addNameRange     '4.1.0',
62 silly addNameRange     '4.1.1',
62 silly addNameRange     '3.5.3',
62 silly addNameRange     '4.1.2',
62 silly addNameRange     '3.6.0',
62 silly addNameRange     '4.2.0',
62 silly addNameRange     '3.7.0',
62 silly addNameRange     '3.8.0',
62 silly addNameRange     '4.3.0',
62 silly addNameRange     '4.3.1',
62 silly addNameRange     '3.8.1',
62 silly addNameRange     '4.3.2',
62 silly addNameRange     '3.9.0',
62 silly addNameRange     '4.4.0',
62 silly addNameRange     '4.4.1',
62 silly addNameRange     '3.10.0',
62 silly addNameRange     '3.10.1',
62 silly addNameRange     '3.10.2',
62 silly addNameRange     '3.10.3',
62 silly addNameRange     '3.10.4',
62 silly addNameRange     '4.4.2',
62 silly addNameRange     '3.10.5',
62 silly addNameRange     '4.4.3',
62 silly addNameRange     '3.11.0',
62 silly addNameRange     '4.4.4',
62 silly addNameRange     '3.12.0',
62 silly addNameRange     '3.12.1',
62 silly addNameRange     '4.4.5',
62 silly addNameRange     '3.13.0',
62 silly addNameRange     '4.5.0',
62 silly addNameRange     '4.5.1',
62 silly addNameRange     '3.14.0',
62 silly addNameRange     '4.6.0',
62 silly addNameRange     '4.6.1',
62 silly addNameRange     '3.15.0',
62 silly addNameRange     '4.7.0',
62 silly addNameRange     '3.15.1',
62 silly addNameRange     '4.7.1',
62 silly addNameRange     '3.15.2',
62 silly addNameRange     '4.7.2',
62 silly addNameRange     '4.7.3',
62 silly addNameRange     '3.15.3',
62 silly addNameRange     '4.7.4',
62 silly addNameRange     '3.16.0',
62 silly addNameRange     '4.8.0',
62 silly addNameRange     '3.16.1',
62 silly addNameRange     '4.8.1',
62 silly addNameRange     '3.16.2',
62 silly addNameRange     '4.8.2',
62 silly addNameRange     '3.16.3',
62 silly addNameRange     '3.16.4',
62 silly addNameRange     '4.8.3',
62 silly addNameRange     '3.16.5',
62 silly addNameRange     '3.16.6',
62 silly addNameRange     '4.8.4',
62 silly addNameRange     '3.16.7',
62 silly addNameRange     '4.8.5',
62 silly addNameRange     '3.16.8',
62 silly addNameRange     '4.8.6',
62 silly addNameRange     '3.16.9',
62 silly addNameRange     '4.8.7',
62 silly addNameRange     '3.16.10',
62 silly addNameRange     '4.8.8',
62 silly addNameRange     '3.17.0',
62 silly addNameRange     '3.17.1',
62 silly addNameRange     '4.9.0',
62 silly addNameRange     '3.17.2',
62 silly addNameRange     '4.9.1',
62 silly addNameRange     '4.9.2',
62 silly addNameRange     '3.17.3',
62 silly addNameRange     '4.9.3',
62 silly addNameRange     '3.17.4',
62 silly addNameRange     '4.9.4',
62 silly addNameRange     '3.17.5',
62 silly addNameRange     '4.9.5',
62 silly addNameRange     '3.17.6',
62 silly addNameRange     '3.17.7',
62 silly addNameRange     '4.9.6',
62 silly addNameRange     '4.9.7',
62 silly addNameRange     '3.17.8',
62 silly addNameRange     '4.9.8',
62 silly addNameRange     '3.18.0',
62 silly addNameRange     '3.18.1',
62 silly addNameRange     '4.10.0',
62 silly addNameRange     '3.18.2',
62 silly addNameRange     '4.10.1',
62 silly addNameRange     '5.0.0-alpha.1',
62 silly addNameRange     '3.18.3',
62 silly addNameRange     '4.10.2',
62 silly addNameRange     '3.18.4',
62 silly addNameRange     '4.10.3',
62 silly addNameRange     '4.10.4',
62 silly addNameRange     '4.10.5',
62 silly addNameRange     '3.18.5',
62 silly addNameRange     '3.18.6',
62 silly addNameRange     '4.10.6',
62 silly addNameRange     '4.10.7',
62 silly addNameRange     '3.19.0',
62 silly addNameRange     '4.10.8',
62 silly addNameRange     '4.11.0',
62 silly addNameRange     '3.19.1',
62 silly addNameRange     '4.11.1',
62 silly addNameRange     '3.19.2',
62 silly addNameRange     '4.11.2',
62 silly addNameRange     '3.20.0',
62 silly addNameRange     '4.12.0',
62 silly addNameRange     '3.20.1',
62 silly addNameRange     '4.12.1',
62 silly addNameRange     '4.12.2',
62 silly addNameRange     '3.20.2',
62 silly addNameRange     '4.12.3',
62 silly addNameRange     '3.20.3',
62 silly addNameRange     '4.12.4',
62 silly addNameRange     '3.21.0',
62 silly addNameRange     '4.13.0',
62 silly addNameRange     '3.21.1',
62 silly addNameRange     '4.13.1',
62 silly addNameRange     '5.0.0-alpha.2',
62 silly addNameRange     '3.21.2',
62 silly addNameRange     '4.13.2',
62 silly addNameRange     '4.13.3',
62 silly addNameRange     '4.13.4' ] ]
63 verbose addNamed [ 'express', '4.13.4' ]
64 verbose addNamed [ '4.13.4', '4.13.4' ]
65 silly lockFile 23607823-express-4-13-4 express@4.13.4
66 verbose lock express@4.13.4 /home/dinartmf/.npm/23607823-express-4-13-4.lock
67 verbose registry.get jade not expired, no request
68 silly addNameRange number 2 { name: 'jade', range: '*', hasData: true }
69 silly addNameRange versions [ 'jade',
69 silly addNameRange   [ '0.0.1',
69 silly addNameRange     '0.0.2',
69 silly addNameRange     '0.1.0',
69 silly addNameRange     '0.2.0',
69 silly addNameRange     '0.2.1',
69 silly addNameRange     '0.2.2',
69 silly addNameRange     '0.2.3',
69 silly addNameRange     '0.2.4',
69 silly addNameRange     '0.3.0',
69 silly addNameRange     '0.4.0',
69 silly addNameRange     '0.4.1',
69 silly addNameRange     '0.5.0',
69 silly addNameRange     '0.5.1',
69 silly addNameRange     '0.5.2',
69 silly addNameRange     '0.5.3',
69 silly addNameRange     '0.5.4',
69 silly addNameRange     '0.5.5',
69 silly addNameRange     '0.5.6',
69 silly addNameRange     '0.5.7',
69 silly addNameRange     '0.6.0',
69 silly addNameRange     '0.6.1',
69 silly addNameRange     '0.6.3',
69 silly addNameRange     '0.7.0',
69 silly addNameRange     '0.7.1',
69 silly addNameRange     '0.8.0',
69 silly addNameRange     '0.8.1',
69 silly addNameRange     '0.8.2',
69 silly addNameRange     '0.8.3',
69 silly addNameRange     '0.8.4',
69 silly addNameRange     '0.8.5',
69 silly addNameRange     '0.8.6',
69 silly addNameRange     '0.8.7',
69 silly addNameRange     '0.8.8',
69 silly addNameRange     '0.8.9',
69 silly addNameRange     '0.9.0',
69 silly addNameRange     '0.9.1',
69 silly addNameRange     '0.9.2',
69 silly addNameRange     '0.9.3',
69 silly addNameRange     '0.10.0',
69 silly addNameRange     '0.10.1',
69 silly addNameRange     '0.10.2',
69 silly addNameRange     '0.10.3',
69 silly addNameRange     '0.10.4',
69 silly addNameRange     '0.10.5',
69 silly addNameRange     '0.10.6',
69 silly addNameRange     '0.10.7',
69 silly addNameRange     '0.11.0',
69 silly addNameRange     '0.11.1',
69 silly addNameRange     '0.12.0',
69 silly addNameRange     '0.12.1',
69 silly addNameRange     '0.12.2',
69 silly addNameRange     '0.12.3',
69 silly addNameRange     '0.12.4',
69 silly addNameRange     '0.13.0',
69 silly addNameRange     '0.14.0',
69 silly addNameRange     '0.14.1',
69 silly addNameRange     '0.14.2',
69 silly addNameRange     '0.15.0',
69 silly addNameRange     '0.15.1',
69 silly addNameRange     '0.15.2',
69 silly addNameRange     '0.15.3',
69 silly addNameRange     '0.15.4',
69 silly addNameRange     '0.16.0',
69 silly addNameRange     '0.16.1',
69 silly addNameRange     '0.16.2',
69 silly addNameRange     '0.16.3',
69 silly addNameRange     '0.16.4',
69 silly addNameRange     '0.17.0',
69 silly addNameRange     '0.18.0',
69 silly addNameRange     '0.19.0',
69 silly addNameRange     '0.20.0',
69 silly addNameRange     '0.20.1',
69 silly addNameRange     '0.20.2',
69 silly addNameRange     '0.20.3',
69 silly addNameRange     '0.21.0',
69 silly addNameRange     '0.22.0',
69 silly addNameRange     '0.22.1',
69 silly addNameRange     '0.23.0',
69 silly addNameRange     '0.24.0',
69 silly addNameRange     '0.25.0',
69 silly addNameRange     '0.26.0',
69 silly addNameRange     '0.26.1',
69 silly addNameRange     '0.26.2',
69 silly addNameRange     '0.26.3',
69 silly addNameRange     '0.27.0',
69 silly addNameRange     '0.27.1',
69 silly addNameRange     '0.27.2',
69 silly addNameRange     '0.27.3',
69 silly addNameRange     '0.27.4',
69 silly addNameRange     '0.27.5',
69 silly addNameRange     '0.27.6',
69 silly addNameRange     '0.27.7',
69 silly addNameRange     '0.28.0',
69 silly addNameRange     '0.28.1',
69 silly addNameRange     '0.28.2',
69 silly addNameRange     '0.29.0',
69 silly addNameRange     '0.30.0',
69 silly addNameRange     '0.31.0',
69 silly addNameRange     '0.31.1',
69 silly addNameRange     '0.31.2',
69 silly addNameRange     '0.32.0',
69 silly addNameRange     '0.33.0',
69 silly addNameRange     '0.34.0',
69 silly addNameRange     '0.34.1',
69 silly addNameRange     '0.35.0',
69 silly addNameRange     '1.0.0',
69 silly addNameRange     '1.0.1',
69 silly addNameRange     '1.0.2',
69 silly addNameRange     '1.1.0',
69 silly addNameRange     '1.1.1',
69 silly addNameRange     '1.1.2',
69 silly addNameRange     '1.1.3',
69 silly addNameRange     '1.1.4',
69 silly addNameRange     '1.1.5',
69 silly addNameRange     '1.2.0',
69 silly addNameRange     '1.3.0',
69 silly addNameRange     '1.3.1',
69 silly addNameRange     '1.4.0',
69 silly addNameRange     '1.4.1',
69 silly addNameRange     '1.4.2',
69 silly addNameRange     '1.5.0',
69 silly addNameRange     '1.6.0',
69 silly addNameRange     '1.7.0',
69 silly addNameRange     '1.8.0',
69 silly addNameRange     '1.8.1',
69 silly addNameRange     '1.8.2',
69 silly addNameRange     '1.9.0',
69 silly addNameRange     '1.9.1',
69 silly addNameRange     '1.9.2',
69 silly addNameRange     '1.10.0',
69 silly addNameRange     '1.11.0' ] ]
70 verbose addNamed [ 'jade', '1.11.0' ]
71 verbose addNamed [ '1.11.0', '1.11.0' ]
72 silly lockFile 3da033ff-jade-1-11-0 jade@1.11.0
73 verbose lock jade@1.11.0 /home/dinartmf/.npm/3da033ff-jade-1-11-0.lock
74 silly lockFile 65e0249d-s-org-express-express-4-13-4-tgz https://registry.npmjs.org/express/-/express-4.13.4.tgz
75 verbose lock https://registry.npmjs.org/express/-/express-4.13.4.tgz /home/dinartmf/.npm/65e0249d-s-org-express-express-4-13-4-tgz.lock
76 silly lockFile d7f8e295-y-npmjs-org-jade-jade-1-11-0-tgz https://registry.npmjs.org/jade/-/jade-1.11.0.tgz
77 verbose lock https://registry.npmjs.org/jade/-/jade-1.11.0.tgz /home/dinartmf/.npm/d7f8e295-y-npmjs-org-jade-jade-1-11-0-tgz.lock
78 verbose addRemoteTarball [ 'https://registry.npmjs.org/express/-/express-4.13.4.tgz',
78 verbose addRemoteTarball   '3c0b76f3c77590c8345739061ec0bd3ba067ec24' ]
79 verbose addRemoteTarball [ 'https://registry.npmjs.org/jade/-/jade-1.11.0.tgz',
79 verbose addRemoteTarball   '9c80e538c12d3fb95c8d9bb9559fa0cc040405fd' ]
80 info retry fetch attempt 1 at 21:42:28
81 verbose fetch to= /home/dinartmf/tmp/npm-14875-aZblZuTz/1454892148499-0.03540751268155873/tmp.tgz
82 info retry fetch attempt 1 at 21:42:28
83 verbose fetch to= /home/dinartmf/tmp/npm-14875-aZblZuTz/1454892148499-0.4118904073256999/tmp.tgz
84 http GET https://registry.npmjs.org/jade/-/jade-1.11.0.tgz
85 http GET https://registry.npmjs.org/express/-/express-4.13.4.tgz
86 http 304 https://registry.npmjs.org/node-uuid
87 silly registry.get cb [ 304,
87 silly registry.get   { date: 'Mon, 08 Feb 2016 00:42:28 GMT',
87 silly registry.get     via: '1.1 varnish',
87 silly registry.get     'cache-control': 'max-age=300',
87 silly registry.get     etag: '"5W39AYUPTS87AI80888R9GRNI"',
87 silly registry.get     age: '253',
87 silly registry.get     connection: 'keep-alive',
87 silly registry.get     'x-served-by': 'cache-iad2145-IAD',
87 silly registry.get     'x-cache': 'HIT',
87 silly registry.get     'x-cache-hits': '3',
87 silly registry.get     'x-timer': 'S1454892148.943799,VS0,VE0',
87 silly registry.get     vary: 'Accept' } ]
88 verbose etag node-uuid from cache
89 silly addNameRange number 2 { name: 'node-uuid', range: '*', hasData: true }
90 silly addNameRange versions [ 'node-uuid',
90 silly addNameRange   [ '1.2.0',
90 silly addNameRange     '1.3.0',
90 silly addNameRange     '1.3.1',
90 silly addNameRange     '1.3.2',
90 silly addNameRange     '1.1.0',
90 silly addNameRange     '1.0.0',
90 silly addNameRange     '1.3.3',
90 silly addNameRange     '1.4.0',
90 silly addNameRange     '1.4.1',
90 silly addNameRange     '1.4.2',
90 silly addNameRange     '1.4.3',
90 silly addNameRange     '1.4.6',
90 silly addNameRange     '1.4.7' ] ]
91 verbose addNamed [ 'node-uuid', '1.4.7' ]
92 verbose addNamed [ '1.4.7', '1.4.7' ]
93 silly lockFile f9bba481-node-uuid-1-4-7 node-uuid@1.4.7
94 verbose lock node-uuid@1.4.7 /home/dinartmf/.npm/f9bba481-node-uuid-1-4-7.lock
95 silly lockFile cb4a81ea-rg-node-uuid-node-uuid-1-4-7-tgz https://registry.npmjs.org/node-uuid/-/node-uuid-1.4.7.tgz
96 verbose lock https://registry.npmjs.org/node-uuid/-/node-uuid-1.4.7.tgz /home/dinartmf/.npm/cb4a81ea-rg-node-uuid-node-uuid-1-4-7-tgz.lock
97 verbose addRemoteTarball [ 'https://registry.npmjs.org/node-uuid/-/node-uuid-1.4.7.tgz',
97 verbose addRemoteTarball   '6da5a17668c4b3dd59623bda11cf7fa4c1f60a6f' ]
98 info retry fetch attempt 1 at 21:42:28
99 verbose fetch to= /home/dinartmf/tmp/npm-14875-aZblZuTz/1454892148895-0.3588841080199927/tmp.tgz
100 http GET https://registry.npmjs.org/node-uuid/-/node-uuid-1.4.7.tgz
101 http 200 https://registry.npmjs.org/express/-/express-4.13.4.tgz
102 http 200 https://registry.npmjs.org/jade/-/jade-1.11.0.tgz
103 verbose tar unpack /home/dinartmf/tmp/npm-14875-aZblZuTz/1454892148499-0.4118904073256999/tmp.tgz
104 silly lockFile b0dd8bce-48499-0-4118904073256999-package tar:///home/dinartmf/tmp/npm-14875-aZblZuTz/1454892148499-0.4118904073256999/package
105 verbose lock tar:///home/dinartmf/tmp/npm-14875-aZblZuTz/1454892148499-0.4118904073256999/package /home/dinartmf/.npm/b0dd8bce-48499-0-4118904073256999-package.lock
106 silly lockFile ab1144e8-48499-0-4118904073256999-tmp-tgz tar:///home/dinartmf/tmp/npm-14875-aZblZuTz/1454892148499-0.4118904073256999/tmp.tgz
107 verbose lock tar:///home/dinartmf/tmp/npm-14875-aZblZuTz/1454892148499-0.4118904073256999/tmp.tgz /home/dinartmf/.npm/ab1144e8-48499-0-4118904073256999-tmp-tgz.lock
108 silly gunzTarPerm modes [ '755', '644' ]
109 silly gunzTarPerm extractEntry package.json
110 silly gunzTarPerm modified mode [ 'package.json', 438, 420 ]
111 silly gunzTarPerm extractEntry LICENSE
112 silly gunzTarPerm modified mode [ 'LICENSE', 438, 420 ]
113 silly gunzTarPerm extractEntry index.js
114 silly gunzTarPerm modified mode [ 'index.js', 438, 420 ]
115 silly gunzTarPerm extractEntry History.md
116 silly gunzTarPerm modified mode [ 'History.md', 438, 420 ]
117 silly gunzTarPerm extractEntry Readme.md
118 silly gunzTarPerm modified mode [ 'Readme.md', 438, 420 ]
119 silly gunzTarPerm extractEntry lib/application.js
120 silly gunzTarPerm modified mode [ 'lib/application.js', 438, 420 ]
121 silly gunzTarPerm extractEntry lib/express.js
122 silly gunzTarPerm modified mode [ 'lib/express.js', 438, 420 ]
123 silly gunzTarPerm extractEntry lib/request.js
124 silly gunzTarPerm modified mode [ 'lib/request.js', 438, 420 ]
125 silly gunzTarPerm extractEntry lib/response.js
126 silly gunzTarPerm modified mode [ 'lib/response.js', 438, 420 ]
127 silly gunzTarPerm extractEntry lib/utils.js
128 silly gunzTarPerm modified mode [ 'lib/utils.js', 438, 420 ]
129 silly gunzTarPerm extractEntry lib/view.js
130 silly gunzTarPerm modified mode [ 'lib/view.js', 438, 420 ]
131 silly gunzTarPerm extractEntry lib/middleware/init.js
132 silly gunzTarPerm modified mode [ 'lib/middleware/init.js', 438, 420 ]
133 silly gunzTarPerm extractEntry lib/middleware/query.js
134 silly gunzTarPerm modified mode [ 'lib/middleware/query.js', 438, 420 ]
135 silly gunzTarPerm extractEntry lib/router/index.js
136 silly gunzTarPerm modified mode [ 'lib/router/index.js', 438, 420 ]
137 silly gunzTarPerm extractEntry lib/router/layer.js
138 silly gunzTarPerm modified mode [ 'lib/router/layer.js', 438, 420 ]
139 silly gunzTarPerm extractEntry lib/router/route.js
140 silly gunzTarPerm modified mode [ 'lib/router/route.js', 438, 420 ]
141 silly lockFile b0dd8bce-48499-0-4118904073256999-package tar:///home/dinartmf/tmp/npm-14875-aZblZuTz/1454892148499-0.4118904073256999/package
142 silly lockFile b0dd8bce-48499-0-4118904073256999-package tar:///home/dinartmf/tmp/npm-14875-aZblZuTz/1454892148499-0.4118904073256999/package
143 silly lockFile ab1144e8-48499-0-4118904073256999-tmp-tgz tar:///home/dinartmf/tmp/npm-14875-aZblZuTz/1454892148499-0.4118904073256999/tmp.tgz
144 silly lockFile ab1144e8-48499-0-4118904073256999-tmp-tgz tar:///home/dinartmf/tmp/npm-14875-aZblZuTz/1454892148499-0.4118904073256999/tmp.tgz
145 verbose tar pack [ '/home/dinartmf/.npm/express/4.13.4/package.tgz',
145 verbose tar pack   '/home/dinartmf/tmp/npm-14875-aZblZuTz/1454892148499-0.4118904073256999/package' ]
146 verbose tarball /home/dinartmf/.npm/express/4.13.4/package.tgz
147 verbose folder /home/dinartmf/tmp/npm-14875-aZblZuTz/1454892148499-0.4118904073256999/package
148 silly lockFile b0dd8bce-48499-0-4118904073256999-package tar:///home/dinartmf/tmp/npm-14875-aZblZuTz/1454892148499-0.4118904073256999/package
149 verbose lock tar:///home/dinartmf/tmp/npm-14875-aZblZuTz/1454892148499-0.4118904073256999/package /home/dinartmf/.npm/b0dd8bce-48499-0-4118904073256999-package.lock
150 silly lockFile b19a1147-f-npm-express-4-13-4-package-tgz tar:///home/dinartmf/.npm/express/4.13.4/package.tgz
151 verbose lock tar:///home/dinartmf/.npm/express/4.13.4/package.tgz /home/dinartmf/.npm/b19a1147-f-npm-express-4-13-4-package-tgz.lock
152 verbose tar unpack /home/dinartmf/tmp/npm-14875-aZblZuTz/1454892148499-0.03540751268155873/tmp.tgz
153 silly lockFile a46b1472-8499-0-03540751268155873-package tar:///home/dinartmf/tmp/npm-14875-aZblZuTz/1454892148499-0.03540751268155873/package
154 verbose lock tar:///home/dinartmf/tmp/npm-14875-aZblZuTz/1454892148499-0.03540751268155873/package /home/dinartmf/.npm/a46b1472-8499-0-03540751268155873-package.lock
155 silly lockFile 4298e5df-8499-0-03540751268155873-tmp-tgz tar:///home/dinartmf/tmp/npm-14875-aZblZuTz/1454892148499-0.03540751268155873/tmp.tgz
156 verbose lock tar:///home/dinartmf/tmp/npm-14875-aZblZuTz/1454892148499-0.03540751268155873/tmp.tgz /home/dinartmf/.npm/4298e5df-8499-0-03540751268155873-tmp-tgz.lock
157 silly gunzTarPerm modes [ '755', '644' ]
158 silly gunzTarPerm extractEntry package.json
159 silly gunzTarPerm modified mode [ 'package.json', 436, 420 ]
160 silly gunzTarPerm extractEntry .npmignore
161 silly gunzTarPerm modified mode [ '.npmignore', 436, 420 ]
162 silly gunzTarPerm extractEntry README.md
163 silly gunzTarPerm modified mode [ 'README.md', 436, 420 ]
164 silly gunzTarPerm extractEntry LICENSE
165 silly gunzTarPerm modified mode [ 'LICENSE', 436, 420 ]
166 silly gunzTarPerm extractEntry jade.js
167 silly gunzTarPerm modified mode [ 'jade.js', 436, 420 ]
168 silly gunzTarPerm extractEntry release.js
169 silly gunzTarPerm modified mode [ 'release.js', 436, 420 ]
170 silly gunzTarPerm extractEntry runtime.js
171 silly gunzTarPerm modified mode [ 'runtime.js', 436, 420 ]
172 silly gunzTarPerm extractEntry component.json
173 silly gunzTarPerm modified mode [ 'component.json', 436, 420 ]
174 silly gunzTarPerm extractEntry bin/jade.js
175 silly gunzTarPerm modified mode [ 'bin/jade.js', 509, 493 ]
176 silly gunzTarPerm extractEntry block-code.html
177 silly gunzTarPerm modified mode [ 'block-code.html', 436, 420 ]
178 silly lockFile b0dd8bce-48499-0-4118904073256999-package tar:///home/dinartmf/tmp/npm-14875-aZblZuTz/1454892148499-0.4118904073256999/package
179 silly lockFile b0dd8bce-48499-0-4118904073256999-package tar:///home/dinartmf/tmp/npm-14875-aZblZuTz/1454892148499-0.4118904073256999/package
180 silly lockFile b19a1147-f-npm-express-4-13-4-package-tgz tar:///home/dinartmf/.npm/express/4.13.4/package.tgz
181 silly lockFile b19a1147-f-npm-express-4-13-4-package-tgz tar:///home/dinartmf/.npm/express/4.13.4/package.tgz
182 silly lockFile 53189709-artmf-npm-express-4-13-4-package /home/dinartmf/.npm/express/4.13.4/package
183 verbose lock /home/dinartmf/.npm/express/4.13.4/package /home/dinartmf/.npm/53189709-artmf-npm-express-4-13-4-package.lock
184 silly lockFile 53189709-artmf-npm-express-4-13-4-package /home/dinartmf/.npm/express/4.13.4/package
185 silly lockFile 53189709-artmf-npm-express-4-13-4-package /home/dinartmf/.npm/express/4.13.4/package
186 verbose tar unpack /home/dinartmf/.npm/express/4.13.4/package.tgz
187 silly lockFile 66cb042d-artmf-npm-express-4-13-4-package tar:///home/dinartmf/.npm/express/4.13.4/package
188 verbose lock tar:///home/dinartmf/.npm/express/4.13.4/package /home/dinartmf/.npm/66cb042d-artmf-npm-express-4-13-4-package.lock
189 silly lockFile b19a1147-f-npm-express-4-13-4-package-tgz tar:///home/dinartmf/.npm/express/4.13.4/package.tgz
190 verbose lock tar:///home/dinartmf/.npm/express/4.13.4/package.tgz /home/dinartmf/.npm/b19a1147-f-npm-express-4-13-4-package-tgz.lock
191 silly gunzTarPerm modes [ '755', '644' ]
192 silly gunzTarPerm extractEntry package.json
193 silly gunzTarPerm extractEntry LICENSE
194 silly gunzTarPerm extractEntry index.js
195 silly gunzTarPerm extractEntry History.md
196 silly gunzTarPerm extractEntry Readme.md
197 silly gunzTarPerm extractEntry lib/application.js
198 silly gunzTarPerm extractEntry lib/express.js
199 silly gunzTarPerm extractEntry lib/request.js
200 silly gunzTarPerm extractEntry lib/response.js
201 silly gunzTarPerm extractEntry lib/utils.js
202 silly gunzTarPerm extractEntry lib/view.js
203 silly gunzTarPerm extractEntry lib/middleware/init.js
204 silly gunzTarPerm extractEntry lib/middleware/query.js
205 silly gunzTarPerm extractEntry lib/router/index.js
206 silly gunzTarPerm extractEntry lib/router/layer.js
207 silly gunzTarPerm extractEntry lib/router/route.js
208 http 200 https://registry.npmjs.org/node-uuid/-/node-uuid-1.4.7.tgz
209 verbose tar unpack /home/dinartmf/tmp/npm-14875-aZblZuTz/1454892148895-0.3588841080199927/tmp.tgz
210 silly lockFile 5a0e5716-48895-0-3588841080199927-package tar:///home/dinartmf/tmp/npm-14875-aZblZuTz/1454892148895-0.3588841080199927/package
211 verbose lock tar:///home/dinartmf/tmp/npm-14875-aZblZuTz/1454892148895-0.3588841080199927/package /home/dinartmf/.npm/5a0e5716-48895-0-3588841080199927-package.lock
212 silly lockFile 508fa798-48895-0-3588841080199927-tmp-tgz tar:///home/dinartmf/tmp/npm-14875-aZblZuTz/1454892148895-0.3588841080199927/tmp.tgz
213 verbose lock tar:///home/dinartmf/tmp/npm-14875-aZblZuTz/1454892148895-0.3588841080199927/tmp.tgz /home/dinartmf/.npm/508fa798-48895-0-3588841080199927-tmp-tgz.lock
214 silly gunzTarPerm modes [ '755', '644' ]
215 silly gunzTarPerm extractEntry package.json
216 silly gunzTarPerm extractEntry .npmignore
217 silly gunzTarPerm extractEntry README.md
218 silly gunzTarPerm extractEntry uuid.js
219 silly gunzTarPerm extractEntry LICENSE.md
220 silly gunzTarPerm extractEntry benchmark/README.md
221 silly gunzTarPerm extractEntry benchmark/benchmark.js
222 silly gunzTarPerm extractEntry benchmark/bench.gnu
223 silly gunzTarPerm extractEntry benchmark/bench.sh
224 silly gunzTarPerm extractEntry benchmark/benchmark-native.c
225 silly gunzTarPerm extractEntry bin/uuid
226 silly gunzTarPerm extractEntry bower.json
227 silly gunzTarPerm extractEntry component.json
228 silly gunzTarPerm extractEntry test/compare_v1.js
229 silly gunzTarPerm extractEntry test/test.js
230 silly gunzTarPerm extractEntry test/test.html
231 silly gunzTarPerm extractEntry History.md
232 silly gunzTarPerm modified mode [ 'History.md', 436, 420 ]
233 silly gunzTarPerm extractEntry lib/compiler.js
234 silly gunzTarPerm modified mode [ 'lib/compiler.js', 436, 420 ]
235 silly gunzTarPerm extractEntry lib/filters-client.js
236 silly gunzTarPerm modified mode [ 'lib/filters-client.js', 436, 420 ]
237 silly gunzTarPerm extractEntry lib/filters.js
238 silly gunzTarPerm modified mode [ 'lib/filters.js', 436, 420 ]
239 silly gunzTarPerm extractEntry lib/index.js
240 silly gunzTarPerm modified mode [ 'lib/index.js', 436, 420 ]
241 silly gunzTarPerm extractEntry lib/doctypes.js
242 silly gunzTarPerm modified mode [ 'lib/doctypes.js', 436, 420 ]
243 silly gunzTarPerm extractEntry lib/lexer.js
244 silly gunzTarPerm modified mode [ 'lib/lexer.js', 436, 420 ]
245 silly gunzTarPerm extractEntry lib/runtime.js
246 silly gunzTarPerm modified mode [ 'lib/runtime.js', 436, 420 ]
247 silly gunzTarPerm extractEntry lib/parser.js
248 silly gunzTarPerm modified mode [ 'lib/parser.js', 436, 420 ]
249 silly gunzTarPerm extractEntry lib/utils.js
250 silly gunzTarPerm modified mode [ 'lib/utils.js', 436, 420 ]
251 silly gunzTarPerm extractEntry lib/inline-tags.js
252 silly gunzTarPerm modified mode [ 'lib/inline-tags.js', 436, 420 ]
253 silly gunzTarPerm extractEntry lib/nodes/attrs.js
254 silly gunzTarPerm modified mode [ 'lib/nodes/attrs.js', 436, 420 ]
255 silly gunzTarPerm extractEntry lib/nodes/code.js
256 silly gunzTarPerm modified mode [ 'lib/nodes/code.js', 436, 420 ]
257 silly gunzTarPerm extractEntry lib/nodes/comment.js
258 silly gunzTarPerm modified mode [ 'lib/nodes/comment.js', 436, 420 ]
259 silly gunzTarPerm extractEntry lib/nodes/doctype.js
260 silly gunzTarPerm modified mode [ 'lib/nodes/doctype.js', 436, 420 ]
261 silly gunzTarPerm extractEntry lib/nodes/each.js
262 silly gunzTarPerm modified mode [ 'lib/nodes/each.js', 436, 420 ]
263 silly gunzTarPerm extractEntry lib/nodes/case.js
264 silly gunzTarPerm modified mode [ 'lib/nodes/case.js', 436, 420 ]
265 silly gunzTarPerm extractEntry lib/nodes/index.js
266 silly gunzTarPerm modified mode [ 'lib/nodes/index.js', 436, 420 ]
267 silly gunzTarPerm extractEntry lib/nodes/literal.js
268 silly gunzTarPerm modified mode [ 'lib/nodes/literal.js', 436, 420 ]
269 silly gunzTarPerm extractEntry lib/nodes/mixin-block.js
270 silly gunzTarPerm modified mode [ 'lib/nodes/mixin-block.js', 436, 420 ]
271 silly gunzTarPerm extractEntry lib/nodes/mixin.js
272 silly gunzTarPerm modified mode [ 'lib/nodes/mixin.js', 436, 420 ]
273 silly gunzTarPerm extractEntry lib/nodes/node.js
274 silly gunzTarPerm modified mode [ 'lib/nodes/node.js', 436, 420 ]
275 silly gunzTarPerm extractEntry lib/nodes/block.js
276 silly gunzTarPerm modified mode [ 'lib/nodes/block.js', 436, 420 ]
277 silly gunzTarPerm extractEntry lib/nodes/tag.js
278 silly gunzTarPerm modified mode [ 'lib/nodes/tag.js', 436, 420 ]
279 silly gunzTarPerm extractEntry lib/nodes/block-comment.js
280 silly gunzTarPerm modified mode [ 'lib/nodes/block-comment.js', 436, 420 ]
281 silly gunzTarPerm extractEntry lib/nodes/text.js
282 silly gunzTarPerm modified mode [ 'lib/nodes/text.js', 436, 420 ]
283 silly gunzTarPerm extractEntry lib/nodes/filter.js
284 silly gunzTarPerm modified mode [ 'lib/nodes/filter.js', 436, 420 ]
285 silly gunzTarPerm extractEntry .release.json
286 silly gunzTarPerm modified mode [ '.release.json', 438, 420 ]
287 silly gunzTarPerm extractEntry Readme_zh-cn.md
288 silly gunzTarPerm modified mode [ 'Readme_zh-cn.md', 436, 420 ]
289 silly lockFile 5a0e5716-48895-0-3588841080199927-package tar:///home/dinartmf/tmp/npm-14875-aZblZuTz/1454892148895-0.3588841080199927/package
290 silly lockFile 5a0e5716-48895-0-3588841080199927-package tar:///home/dinartmf/tmp/npm-14875-aZblZuTz/1454892148895-0.3588841080199927/package
291 silly lockFile 508fa798-48895-0-3588841080199927-tmp-tgz tar:///home/dinartmf/tmp/npm-14875-aZblZuTz/1454892148895-0.3588841080199927/tmp.tgz
292 silly lockFile 508fa798-48895-0-3588841080199927-tmp-tgz tar:///home/dinartmf/tmp/npm-14875-aZblZuTz/1454892148895-0.3588841080199927/tmp.tgz
293 verbose tar pack [ '/home/dinartmf/.npm/node-uuid/1.4.7/package.tgz',
293 verbose tar pack   '/home/dinartmf/tmp/npm-14875-aZblZuTz/1454892148895-0.3588841080199927/package' ]
294 verbose tarball /home/dinartmf/.npm/node-uuid/1.4.7/package.tgz
295 verbose folder /home/dinartmf/tmp/npm-14875-aZblZuTz/1454892148895-0.3588841080199927/package
296 silly lockFile 5a0e5716-48895-0-3588841080199927-package tar:///home/dinartmf/tmp/npm-14875-aZblZuTz/1454892148895-0.3588841080199927/package
297 verbose lock tar:///home/dinartmf/tmp/npm-14875-aZblZuTz/1454892148895-0.3588841080199927/package /home/dinartmf/.npm/5a0e5716-48895-0-3588841080199927-package.lock
298 silly lockFile 43ad9002--npm-node-uuid-1-4-7-package-tgz tar:///home/dinartmf/.npm/node-uuid/1.4.7/package.tgz
299 verbose lock tar:///home/dinartmf/.npm/node-uuid/1.4.7/package.tgz /home/dinartmf/.npm/43ad9002--npm-node-uuid-1-4-7-package-tgz.lock
300 silly lockFile 66cb042d-artmf-npm-express-4-13-4-package tar:///home/dinartmf/.npm/express/4.13.4/package
301 silly lockFile 66cb042d-artmf-npm-express-4-13-4-package tar:///home/dinartmf/.npm/express/4.13.4/package
302 silly lockFile b19a1147-f-npm-express-4-13-4-package-tgz tar:///home/dinartmf/.npm/express/4.13.4/package.tgz
303 silly lockFile b19a1147-f-npm-express-4-13-4-package-tgz tar:///home/dinartmf/.npm/express/4.13.4/package.tgz
304 verbose chmod /home/dinartmf/.npm/express/4.13.4/package.tgz 644
305 verbose chown /home/dinartmf/.npm/express/4.13.4/package.tgz [ 1000, 1000 ]
306 silly lockFile 65e0249d-s-org-express-express-4-13-4-tgz https://registry.npmjs.org/express/-/express-4.13.4.tgz
307 silly lockFile 65e0249d-s-org-express-express-4-13-4-tgz https://registry.npmjs.org/express/-/express-4.13.4.tgz
308 silly lockFile 23607823-express-4-13-4 express@4.13.4
309 silly lockFile 23607823-express-4-13-4 express@4.13.4
310 silly lockFile 64a534c1-express express@
311 silly lockFile 64a534c1-express express@
312 silly lockFile 5a0e5716-48895-0-3588841080199927-package tar:///home/dinartmf/tmp/npm-14875-aZblZuTz/1454892148895-0.3588841080199927/package
313 silly lockFile 5a0e5716-48895-0-3588841080199927-package tar:///home/dinartmf/tmp/npm-14875-aZblZuTz/1454892148895-0.3588841080199927/package
314 silly lockFile 43ad9002--npm-node-uuid-1-4-7-package-tgz tar:///home/dinartmf/.npm/node-uuid/1.4.7/package.tgz
315 silly lockFile 43ad9002--npm-node-uuid-1-4-7-package-tgz tar:///home/dinartmf/.npm/node-uuid/1.4.7/package.tgz
316 silly lockFile 2c69b769-rtmf-npm-node-uuid-1-4-7-package /home/dinartmf/.npm/node-uuid/1.4.7/package
317 verbose lock /home/dinartmf/.npm/node-uuid/1.4.7/package /home/dinartmf/.npm/2c69b769-rtmf-npm-node-uuid-1-4-7-package.lock
318 silly lockFile 2c69b769-rtmf-npm-node-uuid-1-4-7-package /home/dinartmf/.npm/node-uuid/1.4.7/package
319 silly lockFile 2c69b769-rtmf-npm-node-uuid-1-4-7-package /home/dinartmf/.npm/node-uuid/1.4.7/package
320 verbose tar unpack /home/dinartmf/.npm/node-uuid/1.4.7/package.tgz
321 silly lockFile cd01a70c-rtmf-npm-node-uuid-1-4-7-package tar:///home/dinartmf/.npm/node-uuid/1.4.7/package
322 verbose lock tar:///home/dinartmf/.npm/node-uuid/1.4.7/package /home/dinartmf/.npm/cd01a70c-rtmf-npm-node-uuid-1-4-7-package.lock
323 silly lockFile 43ad9002--npm-node-uuid-1-4-7-package-tgz tar:///home/dinartmf/.npm/node-uuid/1.4.7/package.tgz
324 verbose lock tar:///home/dinartmf/.npm/node-uuid/1.4.7/package.tgz /home/dinartmf/.npm/43ad9002--npm-node-uuid-1-4-7-package-tgz.lock
325 silly gunzTarPerm modes [ '755', '644' ]
326 silly gunzTarPerm extractEntry package.json
327 silly gunzTarPerm extractEntry .npmignore
328 silly gunzTarPerm extractEntry README.md
329 silly gunzTarPerm extractEntry uuid.js
330 silly gunzTarPerm extractEntry LICENSE.md
331 silly gunzTarPerm extractEntry benchmark/README.md
332 silly gunzTarPerm extractEntry benchmark/benchmark.js
333 silly gunzTarPerm extractEntry benchmark/bench.gnu
334 silly gunzTarPerm extractEntry benchmark/bench.sh
335 silly gunzTarPerm extractEntry benchmark/benchmark-native.c
336 silly gunzTarPerm extractEntry bin/uuid
337 silly gunzTarPerm extractEntry bower.json
338 silly gunzTarPerm extractEntry component.json
339 silly gunzTarPerm extractEntry test/compare_v1.js
340 silly gunzTarPerm extractEntry test/test.js
341 silly gunzTarPerm extractEntry test/test.html
342 silly lockFile cd01a70c-rtmf-npm-node-uuid-1-4-7-package tar:///home/dinartmf/.npm/node-uuid/1.4.7/package
343 silly lockFile cd01a70c-rtmf-npm-node-uuid-1-4-7-package tar:///home/dinartmf/.npm/node-uuid/1.4.7/package
344 silly lockFile 43ad9002--npm-node-uuid-1-4-7-package-tgz tar:///home/dinartmf/.npm/node-uuid/1.4.7/package.tgz
345 silly lockFile 43ad9002--npm-node-uuid-1-4-7-package-tgz tar:///home/dinartmf/.npm/node-uuid/1.4.7/package.tgz
346 verbose chmod /home/dinartmf/.npm/node-uuid/1.4.7/package.tgz 644
347 verbose chown /home/dinartmf/.npm/node-uuid/1.4.7/package.tgz [ 1000, 1000 ]
348 silly lockFile cb4a81ea-rg-node-uuid-node-uuid-1-4-7-tgz https://registry.npmjs.org/node-uuid/-/node-uuid-1.4.7.tgz
349 silly lockFile cb4a81ea-rg-node-uuid-node-uuid-1-4-7-tgz https://registry.npmjs.org/node-uuid/-/node-uuid-1.4.7.tgz
350 silly lockFile f9bba481-node-uuid-1-4-7 node-uuid@1.4.7
351 silly lockFile f9bba481-node-uuid-1-4-7 node-uuid@1.4.7
352 silly lockFile b4eb10d7-node-uuid node-uuid@
353 silly lockFile b4eb10d7-node-uuid node-uuid@
354 silly lockFile a46b1472-8499-0-03540751268155873-package tar:///home/dinartmf/tmp/npm-14875-aZblZuTz/1454892148499-0.03540751268155873/package
355 silly lockFile a46b1472-8499-0-03540751268155873-package tar:///home/dinartmf/tmp/npm-14875-aZblZuTz/1454892148499-0.03540751268155873/package
356 silly lockFile 4298e5df-8499-0-03540751268155873-tmp-tgz tar:///home/dinartmf/tmp/npm-14875-aZblZuTz/1454892148499-0.03540751268155873/tmp.tgz
357 silly lockFile 4298e5df-8499-0-03540751268155873-tmp-tgz tar:///home/dinartmf/tmp/npm-14875-aZblZuTz/1454892148499-0.03540751268155873/tmp.tgz
358 verbose tar pack [ '/home/dinartmf/.npm/jade/1.11.0/package.tgz',
358 verbose tar pack   '/home/dinartmf/tmp/npm-14875-aZblZuTz/1454892148499-0.03540751268155873/package' ]
359 verbose tarball /home/dinartmf/.npm/jade/1.11.0/package.tgz
360 verbose folder /home/dinartmf/tmp/npm-14875-aZblZuTz/1454892148499-0.03540751268155873/package
361 silly lockFile a46b1472-8499-0-03540751268155873-package tar:///home/dinartmf/tmp/npm-14875-aZblZuTz/1454892148499-0.03540751268155873/package
362 verbose lock tar:///home/dinartmf/tmp/npm-14875-aZblZuTz/1454892148499-0.03540751268155873/package /home/dinartmf/.npm/a46b1472-8499-0-03540751268155873-package.lock
363 silly lockFile 32649a7f-rtmf-npm-jade-1-11-0-package-tgz tar:///home/dinartmf/.npm/jade/1.11.0/package.tgz
364 verbose lock tar:///home/dinartmf/.npm/jade/1.11.0/package.tgz /home/dinartmf/.npm/32649a7f-rtmf-npm-jade-1-11-0-package-tgz.lock
365 silly lockFile a46b1472-8499-0-03540751268155873-package tar:///home/dinartmf/tmp/npm-14875-aZblZuTz/1454892148499-0.03540751268155873/package
366 silly lockFile a46b1472-8499-0-03540751268155873-package tar:///home/dinartmf/tmp/npm-14875-aZblZuTz/1454892148499-0.03540751268155873/package
367 silly lockFile 32649a7f-rtmf-npm-jade-1-11-0-package-tgz tar:///home/dinartmf/.npm/jade/1.11.0/package.tgz
368 silly lockFile 32649a7f-rtmf-npm-jade-1-11-0-package-tgz tar:///home/dinartmf/.npm/jade/1.11.0/package.tgz
369 silly lockFile 5fe667a6-dinartmf-npm-jade-1-11-0-package /home/dinartmf/.npm/jade/1.11.0/package
370 verbose lock /home/dinartmf/.npm/jade/1.11.0/package /home/dinartmf/.npm/5fe667a6-dinartmf-npm-jade-1-11-0-package.lock
371 silly lockFile 5fe667a6-dinartmf-npm-jade-1-11-0-package /home/dinartmf/.npm/jade/1.11.0/package
372 silly lockFile 5fe667a6-dinartmf-npm-jade-1-11-0-package /home/dinartmf/.npm/jade/1.11.0/package
373 verbose tar unpack /home/dinartmf/.npm/jade/1.11.0/package.tgz
374 silly lockFile 69d48d3c-dinartmf-npm-jade-1-11-0-package tar:///home/dinartmf/.npm/jade/1.11.0/package
375 verbose lock tar:///home/dinartmf/.npm/jade/1.11.0/package /home/dinartmf/.npm/69d48d3c-dinartmf-npm-jade-1-11-0-package.lock
376 silly lockFile 32649a7f-rtmf-npm-jade-1-11-0-package-tgz tar:///home/dinartmf/.npm/jade/1.11.0/package.tgz
377 verbose lock tar:///home/dinartmf/.npm/jade/1.11.0/package.tgz /home/dinartmf/.npm/32649a7f-rtmf-npm-jade-1-11-0-package-tgz.lock
378 silly gunzTarPerm modes [ '755', '644' ]
379 silly gunzTarPerm extractEntry package.json
380 silly gunzTarPerm extractEntry .npmignore
381 silly gunzTarPerm extractEntry README.md
382 silly gunzTarPerm extractEntry LICENSE
383 silly gunzTarPerm extractEntry release.js
384 silly gunzTarPerm extractEntry jade.js
385 silly gunzTarPerm extractEntry runtime.js
386 silly gunzTarPerm extractEntry component.json
387 silly gunzTarPerm extractEntry .release.json
388 silly gunzTarPerm extractEntry lib/compiler.js
389 silly gunzTarPerm extractEntry lib/filters-client.js
390 silly gunzTarPerm extractEntry lib/filters.js
391 silly gunzTarPerm extractEntry lib/index.js
392 silly gunzTarPerm extractEntry lib/doctypes.js
393 silly gunzTarPerm extractEntry lib/lexer.js
394 silly gunzTarPerm extractEntry lib/runtime.js
395 silly gunzTarPerm extractEntry lib/parser.js
396 silly gunzTarPerm extractEntry lib/utils.js
397 silly gunzTarPerm extractEntry lib/inline-tags.js
398 silly gunzTarPerm extractEntry lib/nodes/attrs.js
399 silly gunzTarPerm extractEntry lib/nodes/code.js
400 silly gunzTarPerm extractEntry lib/nodes/comment.js
401 silly gunzTarPerm extractEntry lib/nodes/doctype.js
402 silly gunzTarPerm extractEntry lib/nodes/each.js
403 silly gunzTarPerm extractEntry lib/nodes/case.js
404 silly gunzTarPerm extractEntry lib/nodes/index.js
405 silly gunzTarPerm extractEntry lib/nodes/literal.js
406 silly gunzTarPerm extractEntry lib/nodes/mixin-block.js
407 silly gunzTarPerm extractEntry lib/nodes/mixin.js
408 silly gunzTarPerm extractEntry lib/nodes/node.js
409 silly gunzTarPerm extractEntry lib/nodes/block.js
410 silly gunzTarPerm extractEntry lib/nodes/tag.js
411 silly gunzTarPerm extractEntry lib/nodes/block-comment.js
412 silly gunzTarPerm extractEntry lib/nodes/text.js
413 silly gunzTarPerm extractEntry lib/nodes/filter.js
414 silly gunzTarPerm extractEntry bin/jade.js
415 silly gunzTarPerm extractEntry Readme_zh-cn.md
416 silly gunzTarPerm extractEntry block-code.html
417 silly lockFile 69d48d3c-dinartmf-npm-jade-1-11-0-package tar:///home/dinartmf/.npm/jade/1.11.0/package
418 silly lockFile 69d48d3c-dinartmf-npm-jade-1-11-0-package tar:///home/dinartmf/.npm/jade/1.11.0/package
419 silly lockFile 32649a7f-rtmf-npm-jade-1-11-0-package-tgz tar:///home/dinartmf/.npm/jade/1.11.0/package.tgz
420 silly lockFile 32649a7f-rtmf-npm-jade-1-11-0-package-tgz tar:///home/dinartmf/.npm/jade/1.11.0/package.tgz
421 verbose chmod /home/dinartmf/.npm/jade/1.11.0/package.tgz 644
422 verbose chown /home/dinartmf/.npm/jade/1.11.0/package.tgz [ 1000, 1000 ]
423 silly lockFile d7f8e295-y-npmjs-org-jade-jade-1-11-0-tgz https://registry.npmjs.org/jade/-/jade-1.11.0.tgz
424 silly lockFile d7f8e295-y-npmjs-org-jade-jade-1-11-0-tgz https://registry.npmjs.org/jade/-/jade-1.11.0.tgz
425 silly lockFile 3da033ff-jade-1-11-0 jade@1.11.0
426 silly lockFile 3da033ff-jade-1-11-0 jade@1.11.0
427 silly lockFile 51d481b2-jade jade@
428 silly lockFile 51d481b2-jade jade@
429 silly addNameRange { name: 'body-parse', range: '*', hasData: false }
430 verbose url raw body-parse
431 verbose url resolving [ 'https://registry.npmjs.org/', './body-parse' ]
432 verbose url resolved https://registry.npmjs.org/body-parse
433 info trying registry request attempt 1 at 21:43:18
434 http GET https://registry.npmjs.org/body-parse
435 http 404 https://registry.npmjs.org/body-parse
436 silly registry.get cb [ 404,
436 silly registry.get   { 'content-type': 'application/json',
436 silly registry.get     'cache-control': 'max-age=0',
436 silly registry.get     'content-length': '2',
436 silly registry.get     'accept-ranges': 'bytes',
436 silly registry.get     date: 'Mon, 08 Feb 2016 00:43:18 GMT',
436 silly registry.get     via: '1.1 varnish',
436 silly registry.get     age: '0',
436 silly registry.get     connection: 'keep-alive',
436 silly registry.get     'x-served-by': 'cache-iad2141-IAD',
436 silly registry.get     'x-cache': 'MISS',
436 silly registry.get     'x-cache-hits': '0',
436 silly registry.get     'x-timer': 'S1454892198.538274,VS0,VE55' } ]
437 silly addNameRange number 2 { name: 'body-parse', range: '*', hasData: true }
438 silly addNameRange versions [ undefined, [] ]
439 error TypeError: Cannot read property 'latest' of undefined
439 error     at next (/usr/share/npm/lib/cache.js:687:35)
439 error     at /usr/share/npm/lib/cache.js:675:5
439 error     at saved (/usr/share/npm/node_modules/npm-registry-client/lib/get.js:142:7)
439 error     at /usr/lib/nodejs/graceful-fs/polyfills.js:133:7
439 error     at Object.oncomplete (fs.js:107:15)
440 error If you need help, you may report this log at:
440 error     <http://github.com/isaacs/npm/issues>
440 error or email it to:
440 error     <npm-@googlegroups.com>
441 error System Linux 3.19.0-25-generic
442 error command "/usr/bin/nodejs" "/usr/bin/npm" "install" "express" "jade" "node-uuid" "body-parse" "--save"
443 error cwd /home/dinartmf/node/projectTest/src/views
444 error node -v v0.10.25
445 error npm -v 1.3.10
446 error type non_object_property_load
447 verbose exit [ 1, true ]
